<?xml version="1.0" encoding="UTF-8"?>
<!-- Generated by org.testng.reporters.JUnitReportReporter -->
<testsuite hostname="R50000199" failures="0" tests="1" name="org.redqa.tests.Test_LoginPage" time="14.209" errors="0" timestamp="2023-11-13T20:21:16 BDT" skipped="0">
  <testcase classname="org.redqa.tests.Test_LoginPage" name="LoginTest" time="14.209"/>
  <system-out/>
</testsuite> <!-- org.redqa.tests.Test_LoginPage -->
