<?xml version="1.0" encoding="UTF-8"?>
<!-- Generated by org.testng.reporters.JUnitReportReporter -->
<testsuite hostname="R50000199" failures="0" tests="1" name="org.redqa.tests.Test_Test" time="15.044" errors="0" timestamp="2023-11-12T15:36:48 BDT" skipped="0">
  <testcase classname="org.redqa.tests.Test_Test" name="test" time="15.044"/>
  <system-out/>
</testsuite> <!-- org.redqa.tests.Test_Test -->
